<?xml version="1.0" encoding="UTF-8"?>
<testng-results ignored="0" total="1" passed="1" failed="0" skipped="0">
  <reporter-output>
  </reporter-output>
  <suite started-at="2022-11-26T08:52:51 GMT+02:00" name="Default suite" finished-at="2022-11-26T08:53:14 GMT+02:00" duration-ms="23213">
    <groups>
    </groups>
    <test started-at="2022-11-26T08:52:51 GMT+02:00" name="Default test" finished-at="2022-11-26T08:53:14 GMT+02:00" duration-ms="23213">
      <class name="SmartBuyTestDiscountClass">
        <test-method is-config="true" signature="test_login_website()[pri:0, instance:SmartBuyTestDiscountClass@4f6ee6e4]" started-at="2022-11-26T08:52:51 GMT+02:00" name="test_login_website" finished-at="2022-11-26T08:53:05 GMT+02:00" duration-ms="14385" status="PASS">
          <reporter-output>
          </reporter-output>
        </test-method> <!-- test_login_website -->
        <test-method signature="test_items_discount()[pri:0, instance:SmartBuyTestDiscountClass@4f6ee6e4]" started-at="2022-11-26T08:53:05 GMT+02:00" name="test_items_discount" finished-at="2022-11-26T08:53:08 GMT+02:00" duration-ms="3362" status="PASS">
          <reporter-output>
          </reporter-output>
        </test-method> <!-- test_items_discount -->
        <test-method is-config="true" signature="test_close_website()[pri:0, instance:SmartBuyTestDiscountClass@4f6ee6e4]" started-at="2022-11-26T08:53:08 GMT+02:00" name="test_close_website" finished-at="2022-11-26T08:53:14 GMT+02:00" duration-ms="5391" status="PASS">
          <reporter-output>
          </reporter-output>
        </test-method> <!-- test_close_website -->
      </class> <!-- SmartBuyTestDiscountClass -->
    </test> <!-- Default test -->
  </suite> <!-- Default suite -->
</testng-results>
